2025-08-20 03:42:58 | [32mINFO[0m | test:254 | ✅ Logger test successful
2025-08-20 03:44:03 | [36mDEBUG[0m | test_levels:158 | Debug message
2025-08-20 03:44:03 | [32mINFO[0m | test_levels:159 | Info message
2025-08-20 03:44:03 | [33mWARNING[0m | test_levels:160 | Warning message
2025-08-20 03:44:03 | [31mERROR[0m | test_levels:161 | Error message
2025-08-20 03:44:03 | [35mCRITICAL[0m | test_levels:162 | Critical message
2025-08-20 03:48:44 | [32mINFO[0m | validation:30 | Logger validation successful!
2025-08-20 03:55:00 | [32mINFO[0m | integration_test:29 | 🧪 Starting real-world Task 1.2 integration test
2025-08-20 03:55:00 | [32mINFO[0m | integration_test:46 | 🔗 Testing URL validation...
2025-08-20 03:55:00 | [32mINFO[0m | integration_test:65 |   ✅ https://www.youtube.com/watch?v=dQw4w9WgXcQ: Valid=True, ID=dQw4w9WgXcQ, Time=0.000s
2025-08-20 03:55:00 | [32mINFO[0m | integration_test:65 |   ✅ https://youtu.be/dQw4w9WgXcQ: Valid=True, ID=dQw4w9WgXcQ, Time=0.000s
2025-08-20 03:55:00 | [32mINFO[0m | integration_test:68 | 
📋 Testing video info extraction...
2025-08-20 03:55:03 | [32mINFO[0m | integration_test:90 |   ✅ Title: Rick Astley - Never Gonna Give You Up (Official Video) (4K Remaster)
2025-08-20 03:55:03 | [32mINFO[0m | integration_test:91 |   ✅ Duration: 213s
2025-08-20 03:55:03 | [32mINFO[0m | integration_test:92 |   ✅ Uploader: Rick Astley
2025-08-20 03:55:03 | [32mINFO[0m | integration_test:93 |   ✅ Extraction time: 3.008s
2025-08-20 03:55:03 | [32mINFO[0m | integration_test:106 | 
🖼️ Testing thumbnail extraction...
2025-08-20 03:55:11 | [32mINFO[0m | integration_test:132 |   ✅ Found 47 thumbnail URLs
2025-08-20 03:55:11 | [32mINFO[0m | integration_test:133 |   ✅ Downloaded: cache/thumbnails/test_thumb.jpg
2025-08-20 03:55:11 | [32mINFO[0m | integration_test:134 |   ✅ File size: 21011 bytes
2025-08-20 03:55:11 | [32mINFO[0m | integration_test:135 |   ✅ Extraction time: 7.820s
2025-08-20 03:55:11 | [32mINFO[0m | integration_test:148 | 
🛡️ Testing error handling...
2025-08-20 03:55:11 | [32mINFO[0m | integration_test:176 |   ✅ Error handled correctly for 'https://www.youtube.com/watch?v=invalid123': Invalid YouTube URL. Please provide a valid YouTube video link.
2025-08-20 03:55:11 | [32mINFO[0m | integration_test:176 |   ✅ Error handled correctly for 'not_a_url_at_all': Invalid YouTube URL. Please provide a valid YouTube video link.
2025-08-20 03:55:11 | [32mINFO[0m | integration_test:176 |   ✅ Error handled correctly for '': URL cannot be empty
2025-08-20 03:55:11 | [32mINFO[0m | integration_test:189 | 
📊 TASK 1.2 SUCCESS METRICS REPORT
2025-08-20 03:55:11 | [32mINFO[0m | integration_test:190 | ==================================================
2025-08-20 03:55:11 | [32mINFO[0m | integration_test:197 | 🔗 URL Validation:
2025-08-20 03:55:11 | [32mINFO[0m | integration_test:198 |    Success Rate: 2/2 (100.0%)
2025-08-20 03:55:11 | [32mINFO[0m | integration_test:199 |    Expected valid URLs identified: 2/2
2025-08-20 03:55:11 | [32mINFO[0m | integration_test:205 | 📋 Video Info Extraction:
2025-08-20 03:55:11 | [32mINFO[0m | integration_test:206 |    Success Rate: 1/1
2025-08-20 03:55:11 | [32mINFO[0m | integration_test:207 |    Average Time: 3.008s
2025-08-20 03:55:11 | [32mINFO[0m | integration_test:213 | 🖼️ Thumbnail Extraction:
2025-08-20 03:55:11 | [32mINFO[0m | integration_test:214 |    Success Rate: 1/1
2025-08-20 03:55:11 | [32mINFO[0m | integration_test:215 |    Average Time: 7.820s
2025-08-20 03:55:11 | [32mINFO[0m | integration_test:221 | 🛡️ Error Handling:
2025-08-20 03:55:11 | [32mINFO[0m | integration_test:222 |    Properly Handled: 3/3 (100.0%)
2025-08-20 03:55:11 | [32mINFO[0m | integration_test:225 | 
🎯 TASK 1.2 DELIVERABLES STATUS:
2025-08-20 03:55:11 | [32mINFO[0m | integration_test:226 |    ✅ YouTube URL validation: IMPLEMENTED
2025-08-20 03:55:11 | [32mINFO[0m | integration_test:227 |    ✅ Video download with yt-dlp integration: IMPLEMENTED
2025-08-20 03:55:11 | [32mINFO[0m | integration_test:228 |    ✅ Thumbnail extraction and storage: IMPLEMENTED
2025-08-20 03:55:11 | [32mINFO[0m | integration_test:229 |    ✅ Video metadata collection: IMPLEMENTED
2025-08-20 03:55:11 | [32mINFO[0m | integration_test:230 |    ✅ Error handling for invalid URLs, private videos: IMPLEMENTED
2025-08-20 03:55:11 | [32mINFO[0m | integration_test:232 | 
🏆 SUCCESS METRICS EVALUATION:
2025-08-20 03:55:11 | [32mINFO[0m | integration_test:233 |    • URL validation accuracy: ✅ PASS
2025-08-20 03:55:11 | [32mINFO[0m | integration_test:234 |    • Info extraction speed: ✅ PASS (3.0s)
2025-08-20 03:55:11 | [32mINFO[0m | integration_test:235 |    • Thumbnail extraction speed: ❌ FAIL (7.8s)
2025-08-20 03:55:11 | [32mINFO[0m | integration_test:236 |    • Error handling: ✅ PASS (100.0%)
2025-08-20 03:55:11 | [32mINFO[0m | integration_test:238 | 
🎉 Task 1.2 real-world integration test complete!
2025-08-20 10:21:29 | [36mDEBUG[0m | test_levels:158 | Debug message
2025-08-20 10:21:29 | [32mINFO[0m | test_levels:159 | Info message
2025-08-20 10:21:29 | [33mWARNING[0m | test_levels:160 | Warning message
2025-08-20 10:21:29 | [31mERROR[0m | test_levels:161 | Error message
2025-08-20 10:21:29 | [35mCRITICAL[0m | test_levels:162 | Critical message
2025-08-20 10:38:15 | [32mINFO[0m | integration_test:29 | 🧪 Starting real-world Task 1.2 integration test
2025-08-20 10:38:15 | [32mINFO[0m | integration_test:46 | 🔗 Testing URL validation...
2025-08-20 10:38:15 | [32mINFO[0m | integration_test:65 |   ✅ https://www.youtube.com/watch?v=dQw4w9WgXcQ: Valid=True, ID=dQw4w9WgXcQ, Time=0.000s
2025-08-20 10:38:15 | [32mINFO[0m | integration_test:65 |   ✅ https://youtu.be/dQw4w9WgXcQ: Valid=True, ID=dQw4w9WgXcQ, Time=0.000s
2025-08-20 10:38:15 | [32mINFO[0m | integration_test:68 | 
📋 Testing video info extraction...
2025-08-20 10:38:20 | [32mINFO[0m | integration_test:90 |   ✅ Title: Rick Astley - Never Gonna Give You Up (Official Video) (4K Remaster)
2025-08-20 10:38:20 | [32mINFO[0m | integration_test:91 |   ✅ Duration: 213s
2025-08-20 10:38:20 | [32mINFO[0m | integration_test:92 |   ✅ Uploader: Rick Astley
2025-08-20 10:38:20 | [32mINFO[0m | integration_test:93 |   ✅ Extraction time: 4.991s
2025-08-20 10:38:20 | [32mINFO[0m | integration_test:106 | 
🖼️ Testing thumbnail extraction...
2025-08-20 10:38:30 | [32mINFO[0m | integration_test:132 |   ✅ Found 47 thumbnail URLs
2025-08-20 10:38:30 | [32mINFO[0m | integration_test:133 |   ✅ Downloaded: cache/thumbnails/test_thumb.jpg
2025-08-20 10:38:30 | [32mINFO[0m | integration_test:134 |   ✅ File size: 21011 bytes
2025-08-20 10:38:30 | [32mINFO[0m | integration_test:135 |   ✅ Extraction time: 9.927s
2025-08-20 10:38:30 | [32mINFO[0m | integration_test:148 | 
🛡️ Testing error handling...
2025-08-20 10:38:30 | [32mINFO[0m | integration_test:176 |   ✅ Error handled correctly for 'https://www.youtube.com/watch?v=invalid123': Invalid YouTube URL. Please provide a valid YouTube video link.
2025-08-20 10:38:30 | [32mINFO[0m | integration_test:176 |   ✅ Error handled correctly for 'not_a_url_at_all': Invalid YouTube URL. Please provide a valid YouTube video link.
2025-08-20 10:38:30 | [32mINFO[0m | integration_test:176 |   ✅ Error handled correctly for '': URL cannot be empty
2025-08-20 10:38:30 | [32mINFO[0m | integration_test:189 | 
📊 TASK 1.2 SUCCESS METRICS REPORT
2025-08-20 10:38:30 | [32mINFO[0m | integration_test:190 | ==================================================
2025-08-20 10:38:30 | [32mINFO[0m | integration_test:197 | 🔗 URL Validation:
2025-08-20 10:38:30 | [32mINFO[0m | integration_test:198 |    Success Rate: 2/2 (100.0%)
2025-08-20 10:38:30 | [32mINFO[0m | integration_test:199 |    Expected valid URLs identified: 2/2
2025-08-20 10:38:30 | [32mINFO[0m | integration_test:205 | 📋 Video Info Extraction:
2025-08-20 10:38:30 | [32mINFO[0m | integration_test:206 |    Success Rate: 1/1
2025-08-20 10:38:30 | [32mINFO[0m | integration_test:207 |    Average Time: 4.991s
2025-08-20 10:38:30 | [32mINFO[0m | integration_test:213 | 🖼️ Thumbnail Extraction:
2025-08-20 10:38:30 | [32mINFO[0m | integration_test:214 |    Success Rate: 1/1
2025-08-20 10:38:30 | [32mINFO[0m | integration_test:215 |    Average Time: 9.927s
2025-08-20 10:38:30 | [32mINFO[0m | integration_test:221 | 🛡️ Error Handling:
2025-08-20 10:38:30 | [32mINFO[0m | integration_test:222 |    Properly Handled: 3/3 (100.0%)
2025-08-20 10:38:30 | [32mINFO[0m | integration_test:225 | 
🎯 TASK 1.2 DELIVERABLES STATUS:
2025-08-20 10:38:30 | [32mINFO[0m | integration_test:226 |    ✅ YouTube URL validation: IMPLEMENTED
2025-08-20 10:38:30 | [32mINFO[0m | integration_test:227 |    ✅ Video download with yt-dlp integration: IMPLEMENTED
2025-08-20 10:38:30 | [32mINFO[0m | integration_test:228 |    ✅ Thumbnail extraction and storage: IMPLEMENTED
2025-08-20 10:38:30 | [32mINFO[0m | integration_test:229 |    ✅ Video metadata collection: IMPLEMENTED
2025-08-20 10:38:30 | [32mINFO[0m | integration_test:230 |    ✅ Error handling for invalid URLs, private videos: IMPLEMENTED
2025-08-20 10:38:30 | [32mINFO[0m | integration_test:232 | 
🏆 SUCCESS METRICS EVALUATION:
2025-08-20 10:38:30 | [32mINFO[0m | integration_test:233 |    • URL validation accuracy: ✅ PASS
2025-08-20 10:38:30 | [32mINFO[0m | integration_test:234 |    • Info extraction speed: ✅ PASS (5.0s)
2025-08-20 10:38:30 | [32mINFO[0m | integration_test:235 |    • Thumbnail extraction speed: ❌ FAIL (9.9s)
2025-08-20 10:38:30 | [32mINFO[0m | integration_test:236 |    • Error handling: ✅ PASS (100.0%)
2025-08-20 10:38:30 | [32mINFO[0m | integration_test:238 | 
🎉 Task 1.2 real-world integration test complete!
2025-08-20 10:38:30 | [36mDEBUG[0m | test_levels:158 | Debug message
2025-08-20 10:38:30 | [32mINFO[0m | test_levels:159 | Info message
2025-08-20 10:38:30 | [33mWARNING[0m | test_levels:160 | Warning message
2025-08-20 10:38:30 | [31mERROR[0m | test_levels:161 | Error message
2025-08-20 10:38:30 | [35mCRITICAL[0m | test_levels:162 | Critical message
2025-08-21 00:51:41 | [36mDEBUG[0m | test_levels:158 | Debug message
2025-08-21 00:51:41 | [32mINFO[0m | test_levels:159 | Info message
2025-08-21 00:51:41 | [33mWARNING[0m | test_levels:160 | Warning message
2025-08-21 00:51:41 | [31mERROR[0m | test_levels:161 | Error message
2025-08-21 00:51:41 | [35mCRITICAL[0m | test_levels:162 | Critical message
